<?xml version="1.0" encoding="utf-8"?><testsuites><testsuite name="pytest" errors="0" failures="0" skipped="0" tests="6" time="0.449" timestamp="2025-07-01T15:42:04.837844" hostname="DESKTOP-4RRQ2MM"><testcase classname="tests.test_bytebank.TestClass" name="test_quando_idade_recebe_13_03_2020_deve_retornar_25" time="0.013" /><testcase classname="tests.test_bytebank.TestClass" name="test_quando_sobrenome_recebe_lucas_carvalho_deve_retornar_apenas_carvalho" time="0.002" /><testcase classname="tests.test_bytebank.TestClass" name="test_quando_decrescimo_salario_recebe_10000_deve_retornar_9000" time="0.003" /><testcase classname="tests.test_bytebank.TestClass" name="test_quando_calcular_bonus_recebe_1000_deve_retornar_100" time="0.004" /><testcase classname="tests.test_bytebank.TestClass" name="test_quando_calcular_bonus_recebe_1000000_dev_retornar_exception" time="0.004" /><testcase classname="tests.test_bytebank.TestClass" name="test_quando_retornar_str_deve_retornar_nome_completo" time="0.003" /></testsuite></testsuites>